2026-05-05 01:21:44,690 | Experiment: Baseline1
2026-05-05 01:21:44,690 | Log: logs\Baseline1\B1_20260505_012144.log
2026-05-05 01:37:39,741 | Epoch 1/10 | Train: loss 0.976, acc 0.632, f1 0.647 | Val: loss 0.939, acc 0.694, f1 0.717 | LR 1.00e-04
2026-05-05 01:37:39,969 |  NEW BEST MODEL | Epoch 1 | Val Loss: 0.9392 | Acc: 0.6942 | F1: 0.7168
2026-05-05 01:56:11,780 | Epoch 2/10 | Train: loss 0.340, acc 0.880, f1 0.891 | Val: loss 1.100, acc 0.693, f1 0.714 | LR 1.00e-04
2026-05-05 02:18:28,059 | Epoch 3/10 | Train: loss 0.187, acc 0.935, f1 0.941 | Val: loss 1.335, acc 0.678, f1 0.698 | LR 1.00e-04
2026-05-05 02:36:44,098 | Epoch 4/10 | Train: loss 0.123, acc 0.958, f1 0.962 | Val: loss 1.315, acc 0.706, f1 0.725 | LR 1.00e-04
2026-05-05 02:52:53,455 | Epoch 5/10 | Train: loss 0.101, acc 0.966, f1 0.969 | Val: loss 1.296, acc 0.703, f1 0.724 | LR 1.00e-04
2026-05-05 03:03:00,129 | Epoch 6/10 | Train: loss 0.049, acc 0.984, f1 0.986 | Val: loss 1.302, acc 0.720, f1 0.738 | LR 1.00e-05
2026-05-05 03:12:51,987 | Epoch 7/10 | Train: loss 0.035, acc 0.989, f1 0.990 | Val: loss 1.339, acc 0.719, f1 0.737 | LR 1.00e-05
2026-05-05 03:22:29,977 | Epoch 8/10 | Train: loss 0.029, acc 0.991, f1 0.992 | Val: loss 1.322, acc 0.724, f1 0.743 | LR 1.00e-05
2026-05-05 03:32:09,385 | Epoch 9/10 | Train: loss 0.027, acc 0.991, f1 0.992 | Val: loss 1.366, acc 0.723, f1 0.742 | LR 1.00e-05
2026-05-05 03:41:47,590 | Epoch 10/10 | Train: loss 0.022, acc 0.994, f1 0.994 | Val: loss 1.373, acc 0.722, f1 0.742 | LR 1.00e-06
2026-05-05 03:41:47,806 | ====================================
2026-05-05 03:41:47,806 |  Training Finished
2026-05-05 03:41:47,806 |  Best Model Summary | Epoch: 1 | Best Val Loss: 0.9392 | Best Val Acc: 0.6942 | Best Val F1: 0.7168
2026-05-05 03:41:47,806 | ====================================
2026-05-05 03:46:46,180 | ====================================
2026-05-05 03:46:46,180 |  TEST RESULTS
2026-05-05 03:46:46,180 | Loss: 0.8820 | Acc: 0.7109
2026-05-05 03:46:46,180 | ====================================
