2026-05-14 21:58:52,393 | Experiment: Baseline4
2026-05-14 21:58:52,393 | Log: logs\Baseline4\B4_20260514_215852.log
2026-05-14 21:58:52,394 | 🔥 Loading FrameLevelDataset...
2026-05-14 21:58:56,485 | 📊 Dataset loaded | mode=sequence | videos=24 | samples=2152 | seq_len=9
2026-05-14 21:58:56,715 | 🔥 Loading FrameLevelDataset...
2026-05-14 21:59:00,448 | 📊 Dataset loaded | mode=sequence | videos=15 | samples=1341 | seq_len=9
2026-05-14 21:59:00,671 | 🔥 Loading FrameLevelDataset...
2026-05-14 21:59:04,936 | 📊 Dataset loaded | mode=sequence | videos=16 | samples=1337 | seq_len=9
2026-05-14 21:59:05,788 |  Training Started
2026-05-14 21:59:05,788 |  Experiment Path: checkpoints\Baseline_4
2026-05-14 22:31:53,535 | Epoch 1/10 | Train loss 1.8636, acc 0.2309, f1 0.2047 | Val loss 1.5241, acc 0.3266, f1 0.2249 | LR 1.00e-04
2026-05-14 22:31:54,184 |  NEW BEST | Epoch 1 | Loss 1.5241 | Acc 0.3266 | F1 0.2249
2026-05-14 22:59:07,214 | Epoch 2/10 | Train loss 1.3861, acc 0.3662, f1 0.3549 | Val loss 1.2883, acc 0.4243, f1 0.3738 | LR 1.00e-04
2026-05-14 22:59:07,854 |  NEW BEST | Epoch 2 | Loss 1.2883 | Acc 0.4243 | F1 0.3738
2026-05-14 23:26:27,001 | Epoch 3/10 | Train loss 1.1001, acc 0.5423, f1 0.5602 | Val loss 1.1155, acc 0.5779, f1 0.6028 | LR 1.00e-04
2026-05-14 23:26:27,707 |  NEW BEST | Epoch 3 | Loss 1.1155 | Acc 0.5779 | F1 0.6028
2026-05-14 23:52:15,786 | Epoch 4/10 | Train loss 0.8782, acc 0.6636, f1 0.6847 | Val loss 1.0354, acc 0.6219, f1 0.6440 | LR 1.00e-04
2026-05-14 23:52:16,438 |  NEW BEST | Epoch 4 | Loss 1.0354 | Acc 0.6219 | F1 0.6440
2026-05-15 00:20:17,940 | Epoch 5/10 | Train loss 0.7461, acc 0.7296, f1 0.7541 | Val loss 0.9465, acc 0.6846, f1 0.7074 | LR 1.00e-04
2026-05-15 00:20:18,609 |  NEW BEST | Epoch 5 | Loss 0.9465 | Acc 0.6846 | F1 0.7074
2026-05-15 00:46:01,124 | Epoch 6/10 | Train loss 0.6376, acc 0.7718, f1 0.7915 | Val loss 0.9489, acc 0.6801, f1 0.6991 | LR 1.00e-04
2026-05-15 01:13:12,804 | Epoch 7/10 | Train loss 0.5792, acc 0.7946, f1 0.8121 | Val loss 0.9487, acc 0.6779, f1 0.6910 | LR 1.00e-04
2026-05-15 01:40:22,867 | Epoch 8/10 | Train loss 0.4931, acc 0.8239, f1 0.8439 | Val loss 0.8915, acc 0.7204, f1 0.7330 | LR 1.00e-04
2026-05-15 01:40:23,571 |  NEW BEST | Epoch 8 | Loss 0.8915 | Acc 0.7204 | F1 0.7330
2026-05-15 02:10:11,691 | Epoch 9/10 | Train loss 0.4354, acc 0.8453, f1 0.8637 | Val loss 0.8681, acc 0.7375, f1 0.7556 | LR 1.00e-04
2026-05-15 02:10:12,337 |  NEW BEST | Epoch 9 | Loss 0.8681 | Acc 0.7375 | F1 0.7556
2026-05-15 02:37:15,195 | Epoch 10/10 | Train loss 0.4129, acc 0.8573, f1 0.8712 | Val loss 1.0119, acc 0.6965, f1 0.7012 | LR 1.00e-04
2026-05-15 02:37:15,834 | ====================================
2026-05-15 02:37:15,834 |  Training Finished
2026-05-15 02:37:15,834 |  Best Epoch: 9 | Loss: 0.8681 | Acc: 0.7375 | F1: 0.7556
2026-05-15 02:37:15,834 | ====================================
2026-05-15 02:44:44,099 | ====================================
2026-05-15 02:44:44,099 |  TEST RESULTS
2026-05-15 02:44:44,099 | Loss: 0.8571 | Acc: 0.7292
2026-05-15 02:44:44,099 | ====================================
