2026-05-21 07:29:40,990 | Experiment: Baseline4
2026-05-21 07:29:40,990 | Log: logs\Baseline4\B4_20260521_072940.log
2026-05-21 07:29:42,992 | Loading dataset | split=train | mode=sequence | Total samples: 2152
2026-05-21 07:29:44,765 | Loading dataset | split=val | mode=sequence | Total samples: 1341
2026-05-21 07:29:46,709 | Loading dataset | split=test | mode=sequence | Total samples: 1337
2026-05-21 07:29:47,208 | Training Started
2026-05-21 07:29:47,208 | Saving checkpoints to: checkpoints
2026-05-21 08:02:07,693 | Epoch 1/20 | Train loss 1.8581, acc 0.2802, f1 0.2614 | Val loss 1.5158, acc 0.4131, f1 0.3675 | LR 4.00e-04
2026-05-21 08:02:08,250 | NEW BEST SAVED -> checkpoints\Baseline_4.pth
2026-05-21 08:24:39,791 | Epoch 2/20 | Train loss 1.2905, acc 0.5260, f1 0.5255 | Val loss 1.2910, acc 0.5011, f1 0.5047 | LR 4.00e-04
2026-05-21 08:24:40,246 | NEW BEST SAVED -> checkpoints\Baseline_4.pth
2026-05-21 08:46:14,346 | Epoch 3/20 | Train loss 1.1251, acc 0.5860, f1 0.5897 | Val loss 1.2153, acc 0.5369, f1 0.5268 | LR 4.00e-04
2026-05-21 08:46:14,718 | NEW BEST SAVED -> checkpoints\Baseline_4.pth
2026-05-21 09:05:35,993 | Epoch 4/20 | Train loss 1.0349, acc 0.6375, f1 0.6403 | Val loss 1.0390, acc 0.6488, f1 0.6549 | LR 4.00e-04
2026-05-21 09:05:36,361 | NEW BEST SAVED -> checkpoints\Baseline_4.pth
2026-05-21 09:25:43,458 | Epoch 5/20 | Train loss 0.9057, acc 0.6822, f1 0.6909 | Val loss 0.9625, acc 0.6644, f1 0.6755 | LR 4.00e-04
2026-05-21 09:25:43,850 | NEW BEST SAVED -> checkpoints\Baseline_4.pth
2026-05-21 09:42:40,377 | Epoch 6/20 | Train loss 0.8413, acc 0.7138, f1 0.7287 | Val loss 1.0146, acc 0.6749, f1 0.6969 | LR 4.00e-04
2026-05-21 10:03:45,743 | Epoch 7/20 | Train loss 0.7367, acc 0.7570, f1 0.7740 | Val loss 0.9203, acc 0.7017, f1 0.7122 | LR 4.00e-04
2026-05-21 10:03:46,192 | NEW BEST SAVED -> checkpoints\Baseline_4.pth
2026-05-21 10:25:29,927 | Epoch 8/20 | Train loss 0.6891, acc 0.7774, f1 0.7903 | Val loss 1.1406, acc 0.6428, f1 0.6320 | LR 4.00e-04
2026-05-21 10:50:45,588 | Epoch 9/20 | Train loss 0.6389, acc 0.7807, f1 0.7932 | Val loss 0.9163, acc 0.7017, f1 0.7156 | LR 4.00e-04
2026-05-21 10:50:46,215 | NEW BEST SAVED -> checkpoints\Baseline_4.pth
2026-05-21 11:15:03,427 | Epoch 10/20 | Train loss 0.5933, acc 0.8048, f1 0.8190 | Val loss 1.0278, acc 0.7017, f1 0.7077 | LR 4.00e-04
2026-05-21 11:41:15,594 | Epoch 11/20 | Train loss 0.5857, acc 0.8118, f1 0.8249 | Val loss 0.8612, acc 0.7204, f1 0.7373 | LR 4.00e-04
2026-05-21 11:41:16,365 | NEW BEST SAVED -> checkpoints\Baseline_4.pth
2026-05-21 12:07:26,721 | Epoch 12/20 | Train loss 0.5746, acc 0.8151, f1 0.8289 | Val loss 0.8855, acc 0.7054, f1 0.7168 | LR 4.00e-04
2026-05-21 12:33:56,789 | Epoch 13/20 | Train loss 0.5306, acc 0.8243, f1 0.8354 | Val loss 1.0750, acc 0.6726, f1 0.6760 | LR 4.00e-04
2026-05-21 12:56:43,660 | Epoch 14/20 | Train loss 0.4867, acc 0.8457, f1 0.8579 | Val loss 1.0084, acc 0.6808, f1 0.6924 | LR 4.00e-04
2026-05-21 13:22:47,412 | Epoch 15/20 | Train loss 0.4407, acc 0.8569, f1 0.8677 | Val loss 0.8978, acc 0.7107, f1 0.7300 | LR 4.00e-04
2026-05-21 13:47:24,573 | Epoch 16/20 | Train loss 0.3092, acc 0.8987, f1 0.9106 | Val loss 0.7990, acc 0.7569, f1 0.7704 | LR 1.60e-04
2026-05-21 13:47:25,071 | NEW BEST SAVED -> checkpoints\Baseline_4.pth
2026-05-21 14:14:39,619 | Epoch 17/20 | Train loss 0.2636, acc 0.9182, f1 0.9294 | Val loss 0.8942, acc 0.7457, f1 0.7577 | LR 1.60e-04
2026-05-21 14:38:58,094 | Epoch 18/20 | Train loss 0.2737, acc 0.9164, f1 0.9204 | Val loss 0.9439, acc 0.7211, f1 0.7324 | LR 1.60e-04
2026-05-21 15:02:43,701 | Epoch 19/20 | Train loss 0.2314, acc 0.9303, f1 0.9378 | Val loss 1.0385, acc 0.7032, f1 0.7214 | LR 1.60e-04
2026-05-21 15:27:47,556 | Epoch 20/20 | Train loss 0.2020, acc 0.9442, f1 0.9505 | Val loss 0.9054, acc 0.7375, f1 0.7524 | LR 1.60e-04
2026-05-21 15:27:47,556 | ====================================
2026-05-21 15:27:47,556 | Training Finished
2026-05-21 15:27:47,556 | Best Epoch: 16 | Loss: 0.7990 | Acc: 0.7569 | F1: 0.7704
2026-05-21 15:27:47,556 | ====================================
2026-05-21 15:34:20,529 | ====================================
2026-05-21 15:34:20,530 |  TEST RESULTS
2026-05-21 15:34:20,530 | Loss: 0.7040 | Acc: 0.7809
2026-05-21 15:34:20,530 | ====================================
