2026-05-14 02:25:43,816 | Experiment: Baseline4
2026-05-14 02:25:43,816 | Log: logs\Baseline4\B4_20260514_022543.log
2026-05-14 02:25:43,832 | 🔥 Loading FrameLevelDataset...
2026-05-14 02:25:45,604 | 📊 Dataset loaded | mode=sequence | videos=24 | samples=2152 | seq_len=9
2026-05-14 02:25:45,700 | 🔥 Loading FrameLevelDataset...
2026-05-14 02:25:47,273 | 📊 Dataset loaded | mode=sequence | videos=15 | samples=1341 | seq_len=9
2026-05-14 02:25:47,358 | 🔥 Loading FrameLevelDataset...
2026-05-14 02:25:49,144 | 📊 Dataset loaded | mode=sequence | videos=16 | samples=1337 | seq_len=9
2026-05-14 02:25:49,585 |  Training Started
2026-05-14 02:25:49,585 |  Experiment Path: checkpoints\Baseline_4
2026-05-14 02:53:56,464 | Epoch 1/10 | Train loss 1.8299, acc 0.2296, f1 0.2061 | Val loss 1.4558, acc 0.3676, f1 0.3018 | LR 1.00e-04
2026-05-14 02:53:56,774 |  NEW BEST | Epoch 1 | Loss 1.4558 | Acc 0.3676 | F1 0.3018
2026-05-14 03:16:24,706 | Epoch 2/10 | Train loss 1.2903, acc 0.4387, f1 0.4313 | Val loss 1.1218, acc 0.5257, f1 0.4604 | LR 1.00e-04
2026-05-14 03:16:25,016 |  NEW BEST | Epoch 2 | Loss 1.1218 | Acc 0.5257 | F1 0.4604
2026-05-14 03:45:01,546 | Epoch 3/10 | Train loss 0.9409, acc 0.6152, f1 0.6087 | Val loss 0.9857, acc 0.6353, f1 0.6520 | LR 1.00e-04
2026-05-14 03:45:02,331 |  NEW BEST | Epoch 3 | Loss 0.9857 | Acc 0.6353 | F1 0.6520
2026-05-14 04:15:24,169 | Epoch 4/10 | Train loss 0.7814, acc 0.7086, f1 0.7243 | Val loss 0.8568, acc 0.7017, f1 0.7189 | LR 1.00e-04
2026-05-14 04:15:24,952 |  NEW BEST | Epoch 4 | Loss 0.8568 | Acc 0.7017 | F1 0.7189
2026-05-14 04:41:45,999 | Epoch 5/10 | Train loss 0.6841, acc 0.7519, f1 0.7722 | Val loss 0.7640, acc 0.7397, f1 0.7560 | LR 1.00e-04
2026-05-14 04:41:46,287 |  NEW BEST | Epoch 5 | Loss 0.7640 | Acc 0.7397 | F1 0.7560
2026-05-14 05:04:45,619 | Epoch 6/10 | Train loss 0.5618, acc 0.8104, f1 0.8273 | Val loss 0.8439, acc 0.7174, f1 0.7310 | LR 1.00e-04
2026-05-14 05:28:52,255 | Epoch 7/10 | Train loss 0.5016, acc 0.8318, f1 0.8461 | Val loss 0.8357, acc 0.7330, f1 0.7496 | LR 1.00e-04
2026-05-14 05:51:47,938 | Epoch 8/10 | Train loss 0.4694, acc 0.8336, f1 0.8517 | Val loss 0.8423, acc 0.7330, f1 0.7435 | LR 1.00e-04
2026-05-14 06:15:29,309 | Epoch 9/10 | Train loss 0.3884, acc 0.8717, f1 0.8865 | Val loss 0.9065, acc 0.7323, f1 0.7323 | LR 1.00e-04
