2026-05-20 07:25:37,759 | Experiment: Baseline6
2026-05-20 07:25:37,759 | Log: logs\Baseline6\B6_20260520_072537.log
2026-05-20 07:25:47,825 | Loading dataset | split=train | mode=sequence | Total samples: 2152
2026-05-20 07:25:54,149 | Loading dataset | split=val | mode=sequence | Total samples: 1341
2026-05-20 07:26:00,829 | Loading dataset | split=test | mode=sequence | Total samples: 1337
2026-05-20 07:26:02,258 |  Training Started
2026-05-20 07:26:02,258 |  Experiment Path: checkpoints\Baseline_6
2026-05-20 07:26:04,969 | Epoch 1/30 | Train loss 1.3464, acc 0.5386, f1 0.5124 | Val loss 1.4743, acc 0.4735, f1 0.4353 | LR 4.00e-04
2026-05-20 07:26:05,066 |  NEW BEST | Epoch 1 | Loss 1.4743 | Acc 0.4735 | F1 0.4353
2026-05-20 07:26:06,919 | Epoch 2/30 | Train loss 0.6990, acc 0.7839, f1 0.7451 | Val loss 0.9788, acc 0.6577, f1 0.6406 | LR 4.00e-04
2026-05-20 07:26:07,016 |  NEW BEST | Epoch 2 | Loss 0.9788 | Acc 0.6577 | F1 0.6406
2026-05-20 07:26:08,898 | Epoch 3/30 | Train loss 0.4826, acc 0.8564, f1 0.7984 | Val loss 1.3177, acc 0.5153, f1 0.5080 | LR 4.00e-04
2026-05-20 07:26:10,698 | Epoch 4/30 | Train loss 0.4130, acc 0.8708, f1 0.8355 | Val loss 1.1404, acc 0.5928, f1 0.5566 | LR 4.00e-04
2026-05-20 07:26:12,550 | Epoch 5/30 | Train loss 0.3417, acc 0.8806, f1 0.8394 | Val loss 1.1492, acc 0.5966, f1 0.5768 | LR 4.00e-04
2026-05-20 07:26:14,372 | Epoch 6/30 | Train loss 0.2572, acc 0.9154, f1 0.8812 | Val loss 1.0447, acc 0.6368, f1 0.6097 | LR 4.00e-04
2026-05-20 07:26:16,213 | Epoch 7/30 | Train loss 0.2399, acc 0.9322, f1 0.9102 | Val loss 0.9237, acc 0.7069, f1 0.6824 | LR 4.00e-04
2026-05-20 07:26:16,277 |  NEW BEST | Epoch 7 | Loss 0.9237 | Acc 0.7069 | F1 0.6824
2026-05-20 07:26:18,134 | Epoch 8/30 | Train loss 0.2230, acc 0.9261, f1 0.9009 | Val loss 1.2493, acc 0.6100, f1 0.6075 | LR 4.00e-04
2026-05-20 07:26:19,948 | Epoch 9/30 | Train loss 0.2386, acc 0.9191, f1 0.8993 | Val loss 1.0582, acc 0.6465, f1 0.5892 | LR 4.00e-04
2026-05-20 07:26:21,766 | Epoch 10/30 | Train loss 0.1665, acc 0.9507, f1 0.9338 | Val loss 0.9621, acc 0.6972, f1 0.6501 | LR 4.00e-04
2026-05-20 07:26:23,597 | Epoch 11/30 | Train loss 0.1644, acc 0.9484, f1 0.9376 | Val loss 0.9680, acc 0.7040, f1 0.6865 | LR 4.00e-04
2026-05-20 07:26:25,413 | Epoch 12/30 | Train loss 0.1308, acc 0.9559, f1 0.9458 | Val loss 0.9629, acc 0.6965, f1 0.6645 | LR 4.00e-04
2026-05-20 07:26:27,236 | Epoch 13/30 | Train loss 0.0915, acc 0.9772, f1 0.9719 | Val loss 0.7777, acc 0.7547, f1 0.7304 | LR 4.00e-05
2026-05-20 07:26:27,343 |  NEW BEST | Epoch 13 | Loss 0.7777 | Acc 0.7547 | F1 0.7304
2026-05-20 07:26:29,175 | Epoch 14/30 | Train loss 0.0731, acc 0.9833, f1 0.9800 | Val loss 0.7806, acc 0.7606, f1 0.7337 | LR 4.00e-05
2026-05-20 07:26:31,005 | Epoch 15/30 | Train loss 0.0564, acc 0.9907, f1 0.9872 | Val loss 0.7777, acc 0.7576, f1 0.7273 | LR 4.00e-05
2026-05-20 07:26:31,080 |  NEW BEST | Epoch 15 | Loss 0.7777 | Acc 0.7576 | F1 0.7273
2026-05-20 07:26:32,917 | Epoch 16/30 | Train loss 0.0455, acc 0.9916, f1 0.9874 | Val loss 0.8018, acc 0.7532, f1 0.7252 | LR 4.00e-05
2026-05-20 07:26:34,755 | Epoch 17/30 | Train loss 0.0448, acc 0.9926, f1 0.9897 | Val loss 0.7998, acc 0.7494, f1 0.7220 | LR 4.00e-05
2026-05-20 07:26:36,581 | Epoch 18/30 | Train loss 0.0371, acc 0.9967, f1 0.9942 | Val loss 0.7943, acc 0.7517, f1 0.7255 | LR 4.00e-05
2026-05-20 07:26:38,409 | Epoch 19/30 | Train loss 0.0421, acc 0.9930, f1 0.9929 | Val loss 0.7788, acc 0.7606, f1 0.7366 | LR 4.00e-06
2026-05-20 07:26:40,253 | Epoch 20/30 | Train loss 0.0367, acc 0.9967, f1 0.9954 | Val loss 0.7828, acc 0.7547, f1 0.7296 | LR 4.00e-06
2026-05-20 07:26:42,090 | Epoch 21/30 | Train loss 0.0451, acc 0.9935, f1 0.9912 | Val loss 0.7891, acc 0.7524, f1 0.7268 | LR 4.00e-06
2026-05-20 07:26:43,938 | Epoch 22/30 | Train loss 0.0403, acc 0.9967, f1 0.9953 | Val loss 0.7995, acc 0.7539, f1 0.7285 | LR 4.00e-06
2026-05-20 07:26:45,791 | Epoch 23/30 | Train loss 0.0418, acc 0.9954, f1 0.9935 | Val loss 0.8034, acc 0.7532, f1 0.7288 | LR 4.00e-06
2026-05-20 07:26:47,675 | Epoch 24/30 | Train loss 0.0484, acc 0.9935, f1 0.9921 | Val loss 0.8331, acc 0.7442, f1 0.7201 | LR 4.00e-07
2026-05-20 07:26:49,492 | Epoch 25/30 | Train loss 0.0364, acc 0.9949, f1 0.9942 | Val loss 0.7876, acc 0.7562, f1 0.7292 | LR 4.00e-07
2026-05-20 07:26:51,297 | Epoch 26/30 | Train loss 0.0385, acc 0.9949, f1 0.9947 | Val loss 0.8138, acc 0.7547, f1 0.7305 | LR 4.00e-07
2026-05-20 07:26:53,123 | Epoch 27/30 | Train loss 0.0407, acc 0.9940, f1 0.9928 | Val loss 0.8157, acc 0.7554, f1 0.7298 | LR 4.00e-07
2026-05-20 07:26:54,930 | Epoch 28/30 | Train loss 0.0410, acc 0.9958, f1 0.9945 | Val loss 0.7979, acc 0.7524, f1 0.7258 | LR 4.00e-07
2026-05-20 07:26:56,733 | Epoch 29/30 | Train loss 0.0392, acc 0.9954, f1 0.9947 | Val loss 0.8008, acc 0.7539, f1 0.7289 | LR 4.00e-08
2026-05-20 07:26:58,549 | Epoch 30/30 | Train loss 0.0487, acc 0.9930, f1 0.9902 | Val loss 0.7897, acc 0.7562, f1 0.7302 | LR 4.00e-08
2026-05-20 07:26:58,623 | ====================================
2026-05-20 07:26:58,623 |  Training Finished
2026-05-20 07:26:58,623 |  Best Epoch: 15 | Loss: 0.7777 | Acc: 0.7576 | F1: 0.7273
2026-05-20 07:26:58,623 | ====================================
2026-05-20 07:26:59,273 | ====================================
2026-05-20 07:26:59,273 |  TEST RESULTS
2026-05-20 07:26:59,273 | Loss: 0.6050 | Acc: 0.8100
2026-05-20 07:26:59,273 | ====================================
