2026-05-20 07:18:36,889 | Experiment: Baseline5
2026-05-20 07:18:36,889 | Log: logs\Baseline5\B5_20260520_071836.log
2026-05-20 07:18:47,657 | Loading dataset | split=train | mode=sequence | Total samples: 2152
2026-05-20 07:18:54,570 | Loading dataset | split=val | mode=sequence | Total samples: 1341
2026-05-20 07:19:04,717 | Loading dataset | split=test | mode=sequence | Total samples: 1337
2026-05-20 07:19:08,113 |  Training Started
2026-05-20 07:19:08,113 |  Experiment Path: checkpoints\Baseline_5
2026-05-20 07:19:17,022 | Epoch 1/30 | Train loss 1.3178, acc 0.5386, f1 0.5039 | Val loss 1.0758, acc 0.6435, f1 0.5864 | LR 4.00e-04
2026-05-20 07:19:17,445 |  NEW BEST | Epoch 1 | Loss 1.0758 | Acc 0.6435 | F1 0.5864
2026-05-20 07:19:25,031 | Epoch 2/30 | Train loss 0.6255, acc 0.8467, f1 0.7977 | Val loss 0.8745, acc 0.7248, f1 0.6930 | LR 4.00e-04
2026-05-20 07:19:25,431 |  NEW BEST | Epoch 2 | Loss 0.8745 | Acc 0.7248 | F1 0.6930
2026-05-20 07:19:31,829 | Epoch 3/30 | Train loss 0.4133, acc 0.9061, f1 0.8499 | Val loss 0.8622, acc 0.7241, f1 0.6912 | LR 4.00e-04
2026-05-20 07:19:32,040 |  NEW BEST | Epoch 3 | Loss 0.8622 | Acc 0.7241 | F1 0.6912
2026-05-20 07:19:37,696 | Epoch 4/30 | Train loss 0.2793, acc 0.9363, f1 0.8977 | Val loss 0.6556, acc 0.7815, f1 0.7441 | LR 4.00e-04
2026-05-20 07:19:37,917 |  NEW BEST | Epoch 4 | Loss 0.6556 | Acc 0.7815 | F1 0.7441
2026-05-20 07:19:43,603 | Epoch 5/30 | Train loss 0.2219, acc 0.9382, f1 0.8960 | Val loss 0.6982, acc 0.7621, f1 0.7220 | LR 4.00e-04
2026-05-20 07:19:49,315 | Epoch 6/30 | Train loss 0.1615, acc 0.9656, f1 0.9412 | Val loss 0.7971, acc 0.7353, f1 0.6966 | LR 4.00e-04
2026-05-20 07:19:55,012 | Epoch 7/30 | Train loss 0.1053, acc 0.9847, f1 0.9759 | Val loss 0.7692, acc 0.7524, f1 0.6981 | LR 4.00e-04
2026-05-20 07:20:00,701 | Epoch 8/30 | Train loss 0.0815, acc 0.9907, f1 0.9869 | Val loss 0.7110, acc 0.7733, f1 0.7498 | LR 4.00e-04
2026-05-20 07:20:06,414 | Epoch 9/30 | Train loss 0.0794, acc 0.9916, f1 0.9898 | Val loss 0.7681, acc 0.7726, f1 0.7418 | LR 4.00e-04
2026-05-20 07:20:12,163 | Epoch 10/30 | Train loss 0.0560, acc 0.9958, f1 0.9942 | Val loss 0.7221, acc 0.7785, f1 0.7491 | LR 1.60e-04
2026-05-20 07:20:17,833 | Epoch 11/30 | Train loss 0.0383, acc 0.9995, f1 0.9991 | Val loss 0.7228, acc 0.7852, f1 0.7535 | LR 1.60e-04
2026-05-20 07:20:23,451 | Epoch 12/30 | Train loss 0.0313, acc 0.9995, f1 0.9991 | Val loss 0.7137, acc 0.7823, f1 0.7560 | LR 1.60e-04
2026-05-20 07:20:29,128 | Epoch 13/30 | Train loss 0.0300, acc 0.9995, f1 0.9996 | Val loss 0.6847, acc 0.7897, f1 0.7612 | LR 1.60e-04
2026-05-20 07:20:34,797 | Epoch 14/30 | Train loss 0.0339, acc 0.9986, f1 0.9989 | Val loss 0.7138, acc 0.7860, f1 0.7584 | LR 1.60e-04
2026-05-20 07:20:40,438 | Epoch 15/30 | Train loss 0.0279, acc 0.9991, f1 0.9993 | Val loss 0.7535, acc 0.7823, f1 0.7570 | LR 6.40e-05
2026-05-20 07:20:46,087 | Epoch 16/30 | Train loss 0.0239, acc 1.0000, f1 1.0000 | Val loss 0.7498, acc 0.7815, f1 0.7562 | LR 6.40e-05
2026-05-20 07:20:51,783 | Epoch 17/30 | Train loss 0.0251, acc 0.9995, f1 0.9997 | Val loss 0.7440, acc 0.7823, f1 0.7554 | LR 6.40e-05
2026-05-20 07:20:57,472 | Epoch 18/30 | Train loss 0.0234, acc 0.9995, f1 0.9996 | Val loss 0.7335, acc 0.7815, f1 0.7537 | LR 6.40e-05
2026-05-20 07:21:03,191 | Epoch 19/30 | Train loss 0.0194, acc 1.0000, f1 1.0000 | Val loss 0.7383, acc 0.7852, f1 0.7577 | LR 6.40e-05
2026-05-20 07:21:08,861 | Epoch 20/30 | Train loss 0.0211, acc 1.0000, f1 1.0000 | Val loss 0.7619, acc 0.7837, f1 0.7551 | LR 2.56e-05
2026-05-20 07:21:14,561 | Epoch 21/30 | Train loss 0.0242, acc 0.9991, f1 0.9991 | Val loss 0.7454, acc 0.7837, f1 0.7581 | LR 2.56e-05
2026-05-20 07:21:20,606 | Epoch 22/30 | Train loss 0.0212, acc 1.0000, f1 1.0000 | Val loss 0.7244, acc 0.7912, f1 0.7632 | LR 2.56e-05
2026-05-20 07:21:26,291 | Epoch 23/30 | Train loss 0.0204, acc 1.0000, f1 1.0000 | Val loss 0.7318, acc 0.7882, f1 0.7581 | LR 2.56e-05
2026-05-20 07:21:31,939 | Epoch 24/30 | Train loss 0.0197, acc 1.0000, f1 1.0000 | Val loss 0.7171, acc 0.7942, f1 0.7670 | LR 2.56e-05
2026-05-20 07:21:37,575 | Epoch 25/30 | Train loss 0.0197, acc 1.0000, f1 1.0000 | Val loss 0.7270, acc 0.7882, f1 0.7599 | LR 1.02e-05
2026-05-20 07:21:43,229 | Epoch 26/30 | Train loss 0.0193, acc 1.0000, f1 1.0000 | Val loss 0.7628, acc 0.7830, f1 0.7564 | LR 1.02e-05
2026-05-20 07:21:48,949 | Epoch 27/30 | Train loss 0.0190, acc 1.0000, f1 1.0000 | Val loss 0.7265, acc 0.7949, f1 0.7653 | LR 1.02e-05
2026-05-20 07:21:54,625 | Epoch 28/30 | Train loss 0.0182, acc 1.0000, f1 1.0000 | Val loss 0.7379, acc 0.7919, f1 0.7632 | LR 1.02e-05
2026-05-20 07:22:00,302 | Epoch 29/30 | Train loss 0.0153, acc 1.0000, f1 1.0000 | Val loss 0.7348, acc 0.7897, f1 0.7628 | LR 1.02e-05
2026-05-20 07:22:06,030 | Epoch 30/30 | Train loss 0.0244, acc 0.9986, f1 0.9989 | Val loss 0.7609, acc 0.7867, f1 0.7582 | LR 4.10e-06
2026-05-20 07:22:06,254 | ====================================
2026-05-20 07:22:06,254 |  Training Finished
2026-05-20 07:22:06,254 |  Best Epoch: 4 | Loss: 0.6556 | Acc: 0.7815 | F1: 0.7441
2026-05-20 07:22:06,254 | ====================================
2026-05-20 07:22:07,480 | ====================================
2026-05-20 07:22:07,480 |  TEST RESULTS
2026-05-20 07:22:07,480 | Loss: 0.5014 | Acc: 0.8332
2026-05-20 07:22:07,480 | ====================================
