2026-05-20 07:34:12,231 | Experiment: Baseline8
2026-05-20 07:34:12,231 | Log: logs\Baseline8\B8_20260520_073412.log
2026-05-20 07:34:29,181 | Loading dataset | split=train | mode=sequence | Total samples: 2152
2026-05-20 07:34:40,469 | Loading dataset | split=val | mode=sequence | Total samples: 1341
2026-05-20 07:34:51,946 | Loading dataset | split=test | mode=sequence | Total samples: 1337
2026-05-20 07:34:55,426 |  Training Started
2026-05-20 07:34:55,430 |  Experiment Path: checkpoints\Baseline_8
2026-05-20 07:35:04,345 | Epoch 1/30 | Train loss 1.1509, acc 0.6273, f1 0.5828 | Val loss 1.1583, acc 0.5817, f1 0.5170 | LR 4.00e-04
2026-05-20 07:35:04,994 |  NEW BEST | Epoch 1 | Loss 1.1583 | Acc 0.5817 | F1 0.5170
2026-05-20 07:35:12,050 | Epoch 2/30 | Train loss 0.5247, acc 0.8513, f1 0.7806 | Val loss 0.8177, acc 0.7069, f1 0.6457 | LR 4.00e-04
2026-05-20 07:35:12,403 |  NEW BEST | Epoch 2 | Loss 0.8177 | Acc 0.7069 | F1 0.6457
2026-05-20 07:35:18,490 | Epoch 3/30 | Train loss 0.3590, acc 0.8848, f1 0.8188 | Val loss 0.8572, acc 0.7084, f1 0.6421 | LR 4.00e-04
2026-05-20 07:35:24,586 | Epoch 4/30 | Train loss 0.2600, acc 0.9136, f1 0.8556 | Val loss 0.8331, acc 0.7040, f1 0.6656 | LR 4.00e-04
2026-05-20 07:35:30,656 | Epoch 5/30 | Train loss 0.1871, acc 0.9326, f1 0.8764 | Val loss 0.7136, acc 0.7562, f1 0.6953 | LR 4.00e-04
2026-05-20 07:35:30,972 |  NEW BEST | Epoch 5 | Loss 0.7136 | Acc 0.7562 | F1 0.6953
2026-05-20 07:35:37,116 | Epoch 6/30 | Train loss 0.1649, acc 0.9475, f1 0.9072 | Val loss 0.8415, acc 0.7196, f1 0.6579 | LR 4.00e-04
2026-05-20 07:35:43,212 | Epoch 7/30 | Train loss 0.1165, acc 0.9707, f1 0.9478 | Val loss 0.7133, acc 0.7509, f1 0.7273 | LR 4.00e-04
2026-05-20 07:35:43,528 |  NEW BEST | Epoch 7 | Loss 0.7133 | Acc 0.7509 | F1 0.7273
2026-05-20 07:35:49,625 | Epoch 8/30 | Train loss 0.1202, acc 0.9726, f1 0.9620 | Val loss 1.6032, acc 0.5623, f1 0.4740 | LR 4.00e-04
2026-05-20 07:35:55,719 | Epoch 9/30 | Train loss 0.1547, acc 0.9475, f1 0.9168 | Val loss 0.9033, acc 0.7107, f1 0.6653 | LR 4.00e-04
2026-05-20 07:36:01,807 | Epoch 10/30 | Train loss 0.1018, acc 0.9721, f1 0.9614 | Val loss 0.8568, acc 0.7248, f1 0.7039 | LR 4.00e-04
2026-05-20 07:36:07,904 | Epoch 11/30 | Train loss 0.0527, acc 0.9912, f1 0.9892 | Val loss 1.1816, acc 0.6689, f1 0.6685 | LR 4.00e-04
2026-05-20 07:36:13,992 | Epoch 12/30 | Train loss 0.0491, acc 0.9916, f1 0.9883 | Val loss 0.7051, acc 0.7934, f1 0.7640 | LR 4.00e-04
2026-05-20 07:36:14,303 |  NEW BEST | Epoch 12 | Loss 0.7051 | Acc 0.7934 | F1 0.7640
2026-05-20 07:36:20,413 | Epoch 13/30 | Train loss 0.0373, acc 0.9940, f1 0.9905 | Val loss 0.9195, acc 0.7629, f1 0.7091 | LR 4.00e-04
2026-05-20 07:36:26,513 | Epoch 14/30 | Train loss 0.0613, acc 0.9851, f1 0.9876 | Val loss 0.8480, acc 0.7420, f1 0.7157 | LR 4.00e-04
2026-05-20 07:36:33,607 | Epoch 15/30 | Train loss 0.0657, acc 0.9782, f1 0.9766 | Val loss 0.9007, acc 0.7218, f1 0.6922 | LR 4.00e-04
2026-05-20 07:36:41,646 | Epoch 16/30 | Train loss 0.0496, acc 0.9861, f1 0.9853 | Val loss 1.3378, acc 0.6592, f1 0.6703 | LR 4.00e-04
2026-05-20 07:36:49,639 | Epoch 17/30 | Train loss 0.0335, acc 0.9926, f1 0.9918 | Val loss 0.9493, acc 0.7554, f1 0.7330 | LR 4.00e-04
2026-05-20 07:36:57,617 | Epoch 18/30 | Train loss 0.0288, acc 0.9926, f1 0.9891 | Val loss 0.6696, acc 0.8076, f1 0.7853 | LR 1.60e-04
2026-05-20 07:36:58,579 |  NEW BEST | Epoch 18 | Loss 0.6696 | Acc 0.8076 | F1 0.7853
2026-05-20 07:37:06,664 | Epoch 19/30 | Train loss 0.0143, acc 0.9986, f1 0.9989 | Val loss 0.6723, acc 0.8136, f1 0.7876 | LR 1.60e-04
2026-05-20 07:37:14,754 | Epoch 20/30 | Train loss 0.0106, acc 0.9986, f1 0.9986 | Val loss 0.6480, acc 0.8270, f1 0.8038 | LR 1.60e-04
2026-05-20 07:37:15,483 |  NEW BEST | Epoch 20 | Loss 0.6480 | Acc 0.8270 | F1 0.8038
2026-05-20 07:37:23,728 | Epoch 21/30 | Train loss 0.0086, acc 0.9991, f1 0.9985 | Val loss 0.6932, acc 0.8180, f1 0.7903 | LR 1.60e-04
2026-05-20 07:37:31,860 | Epoch 22/30 | Train loss 0.0073, acc 0.9995, f1 0.9994 | Val loss 0.6615, acc 0.8262, f1 0.8030 | LR 1.60e-04
2026-05-20 07:37:39,954 | Epoch 23/30 | Train loss 0.0074, acc 1.0000, f1 1.0000 | Val loss 0.6779, acc 0.8248, f1 0.7984 | LR 1.60e-04
2026-05-20 07:37:47,957 | Epoch 24/30 | Train loss 0.0077, acc 0.9995, f1 0.9996 | Val loss 0.6769, acc 0.8248, f1 0.7991 | LR 1.60e-04
2026-05-20 07:37:56,144 | Epoch 25/30 | Train loss 0.0056, acc 1.0000, f1 1.0000 | Val loss 0.6893, acc 0.8180, f1 0.7936 | LR 1.60e-04
2026-05-20 07:38:04,240 | Epoch 26/30 | Train loss 0.0067, acc 0.9995, f1 0.9996 | Val loss 0.6299, acc 0.8374, f1 0.8101 | LR 6.40e-05
2026-05-20 07:38:04,906 |  NEW BEST | Epoch 26 | Loss 0.6299 | Acc 0.8374 | F1 0.8101
2026-05-20 07:38:12,939 | Epoch 27/30 | Train loss 0.0307, acc 0.9981, f1 0.9983 | Val loss 0.6479, acc 0.8359, f1 0.8091 | LR 6.40e-05
2026-05-20 07:38:20,550 | Epoch 28/30 | Train loss 0.0095, acc 0.9981, f1 0.9982 | Val loss 0.7069, acc 0.8113, f1 0.7912 | LR 6.40e-05
2026-05-20 07:38:28,659 | Epoch 29/30 | Train loss 0.0150, acc 0.9995, f1 0.9994 | Val loss 0.7277, acc 0.8143, f1 0.7971 | LR 6.40e-05
2026-05-20 07:38:36,263 | Epoch 30/30 | Train loss 0.0076, acc 1.0000, f1 1.0000 | Val loss 0.6646, acc 0.8262, f1 0.8055 | LR 6.40e-05
2026-05-20 07:38:36,580 | ====================================
2026-05-20 07:38:36,580 |  Training Finished
2026-05-20 07:38:36,581 |  Best Epoch: 26 | Loss: 0.6299 | Acc: 0.8374 | F1: 0.8101
2026-05-20 07:38:36,581 | ====================================
2026-05-20 07:38:37,861 | ====================================
2026-05-20 07:38:37,861 |  TEST RESULTS
2026-05-20 07:38:37,861 | Loss: 0.4478 | Acc: 0.8796
2026-05-20 07:38:37,861 | ====================================
