2026-05-20 07:02:52,973 | Experiment: Baseline3
2026-05-20 07:02:52,974 | Log: logs\Baseline3\B3_a_20260520_070252.log
2026-05-20 07:02:55,119 |  PERSON dataset ready | split=train | samples=231327
2026-05-20 07:02:57,135 |  PERSON dataset ready | split=val | samples=143829
2026-05-20 07:02:59,268 |  PERSON dataset ready | split=test | samples=143406
2026-05-20 07:02:59,802 |  Training Started
2026-05-20 07:02:59,802 |  Experiment Path: checkpoints\Baseline_3a
2026-05-11 18:40:41,654 | Epoch 1/5 | Train loss 0.6997, acc 0.7773, f1 0.5077 | Val loss 0.6809, acc 0.7710, f1 0.5628 | LR 1.00e-04
2026-05-11 18:40:42,059 |  NEW BEST | Epoch 1 | Loss 0.6809 | Acc 0.7710 | F1 0.5628
2026-05-11 20:39:33,052 | Epoch 2/5 | Train loss 0.4036, acc 0.8636, f1 0.6996 | Val loss 0.7909, acc 0.7595, f1 0.5635 | LR 1.00e-04
2026-05-11 22:34:24,275 | Epoch 3/5 | Train loss 0.2705, acc 0.9086, f1 0.7714 | Val loss 0.8653, acc 0.7676, f1 0.5576 | LR 1.00e-04
2026-05-12 00:34:57,818 | Epoch 4/5 | Train loss 0.1900, acc 0.9364, f1 0.8308 | Val loss 1.0837, acc 0.7573, f1 0.5412 | LR 1.00e-04
2026-05-12 02:31:51,379 | Epoch 5/5 | Train loss 0.1451, acc 0.9522, f1 0.8804 | Val loss 1.0937, acc 0.7432, f1 0.5559 | LR 1.00e-04
2026-05-12 02:31:52,064 | ====================================
2026-05-12 02:31:52,065 |  Training Finished
2026-05-12 02:31:52,065 |  Best Epoch: 1 | Loss: 0.6809 | Acc: 0.7710 | F1: 0.5628
2026-05-12 02:31:52,065 | ====================================
2026-05-12 03:04:37,013 | ====================================
2026-05-12 03:04:37,013 |  TEST RESULTS
2026-05-12 03:04:37,013 | Loss: 0.6061 | Acc: 0.7978
2026-05-12 03:04:37,013 | ====================================
