2026-05-18 09:57:11,639 | Experiment: Baseline3
2026-05-18 09:57:11,639 | Log: logs\Baseline3\B3_b_20260518_095711.log
2026-05-18 09:57:19,473 | Loading dataset | split=train | mode=frame | Total samples: 19368
2026-05-18 09:57:24,062 | Loading dataset | split=val | mode=frame | Total samples: 12069
2026-05-18 09:57:28,719 | Loading dataset | split=test | mode=frame | Total samples: 12033
2026-05-18 09:57:29,859 |  Training Started
2026-05-18 09:57:29,859 |  Experiment Path: checkpoints\Baseline_3b
2026-05-18 09:57:32,690 | Epoch 1/20 | Train loss 0.5790, acc 0.8164, f1 0.7933 | Val loss 0.7957, acc 0.7201, f1 0.6962 | LR 4.00e-04
2026-05-18 09:57:32,701 |  NEW BEST | Epoch 1 | Loss 0.7957 | Acc 0.7201 | F1 0.6962
2026-05-18 09:57:34,753 | Epoch 2/20 | Train loss 0.2509, acc 0.9231, f1 0.9115 | Val loss 0.8185, acc 0.7325, f1 0.7138 | LR 4.00e-04
2026-05-18 09:57:36,813 | Epoch 3/20 | Train loss 0.1619, acc 0.9520, f1 0.9458 | Val loss 0.9116, acc 0.7174, f1 0.6977 | LR 4.00e-04
2026-05-18 09:57:38,879 | Epoch 4/20 | Train loss 0.1292, acc 0.9603, f1 0.9565 | Val loss 1.0054, acc 0.7159, f1 0.6879 | LR 4.00e-04
2026-05-18 09:57:41,397 | Epoch 5/20 | Train loss 0.1011, acc 0.9687, f1 0.9643 | Val loss 0.9885, acc 0.7158, f1 0.6922 | LR 4.00e-04
2026-05-18 09:57:43,729 | Epoch 6/20 | Train loss 0.0580, acc 0.9845, f1 0.9835 | Val loss 1.0973, acc 0.7157, f1 0.6962 | LR 1.60e-04
2026-05-18 09:57:45,913 | Epoch 7/20 | Train loss 0.0430, acc 0.9898, f1 0.9891 | Val loss 1.1478, acc 0.7145, f1 0.6918 | LR 1.60e-04
2026-05-18 09:57:48,098 | Epoch 8/20 | Train loss 0.0416, acc 0.9896, f1 0.9891 | Val loss 1.1961, acc 0.7133, f1 0.6907 | LR 1.60e-04
2026-05-18 09:57:50,324 | Epoch 9/20 | Train loss 0.0365, acc 0.9904, f1 0.9904 | Val loss 1.1630, acc 0.7151, f1 0.6941 | LR 1.60e-04
2026-05-18 09:57:52,497 | Epoch 10/20 | Train loss 0.0260, acc 0.9945, f1 0.9944 | Val loss 1.1685, acc 0.7191, f1 0.6984 | LR 6.40e-05
2026-05-18 09:57:54,935 | Epoch 11/20 | Train loss 0.0235, acc 0.9947, f1 0.9949 | Val loss 1.1538, acc 0.7223, f1 0.7000 | LR 6.40e-05
2026-05-18 09:57:57,204 | Epoch 12/20 | Train loss 0.0193, acc 0.9968, f1 0.9967 | Val loss 1.2564, acc 0.7122, f1 0.6923 | LR 6.40e-05
2026-05-18 09:57:59,345 | Epoch 13/20 | Train loss 0.0190, acc 0.9962, f1 0.9962 | Val loss 1.2316, acc 0.7189, f1 0.6974 | LR 6.40e-05
2026-05-18 09:58:01,544 | Epoch 14/20 | Train loss 0.0186, acc 0.9963, f1 0.9964 | Val loss 1.2215, acc 0.7203, f1 0.6985 | LR 2.56e-05
2026-05-18 09:58:03,734 | Epoch 15/20 | Train loss 0.0162, acc 0.9972, f1 0.9973 | Val loss 1.3063, acc 0.7148, f1 0.6950 | LR 2.56e-05
2026-05-18 09:58:05,934 | Epoch 16/20 | Train loss 0.0150, acc 0.9971, f1 0.9972 | Val loss 1.2878, acc 0.7149, f1 0.6948 | LR 2.56e-05
2026-05-18 09:58:08,132 | Epoch 17/20 | Train loss 0.0143, acc 0.9975, f1 0.9977 | Val loss 1.2926, acc 0.7139, f1 0.6933 | LR 2.56e-05
2026-05-18 09:58:10,414 | Epoch 18/20 | Train loss 0.0133, acc 0.9976, f1 0.9976 | Val loss 1.3102, acc 0.7144, f1 0.6943 | LR 1.02e-05
2026-05-18 09:58:13,578 | Epoch 19/20 | Train loss 0.0131, acc 0.9981, f1 0.9983 | Val loss 1.2708, acc 0.7183, f1 0.6986 | LR 1.02e-05
2026-05-18 09:58:15,841 | Epoch 20/20 | Train loss 0.0136, acc 0.9976, f1 0.9978 | Val loss 1.3239, acc 0.7123, f1 0.6908 | LR 1.02e-05
2026-05-18 09:58:15,848 | ====================================
2026-05-18 09:58:15,848 |  Training Finished
2026-05-18 09:58:15,848 |  Best Epoch: 1 | Loss: 0.7957 | Acc: 0.7201 | F1: 0.6962
2026-05-18 09:58:15,848 | ====================================
2026-05-18 09:58:16,758 | ====================================
2026-05-18 09:58:16,758 |  TEST RESULTS
2026-05-18 09:58:16,758 | Loss: 0.6202 | Acc: 0.7843
2026-05-18 09:58:16,758 | ====================================
