2026-05-20 07:28:44,375 | Experiment: Baseline7
2026-05-20 07:28:44,375 | Log: logs\Baseline7\B7_20260520_072844.log
2026-05-20 07:28:55,856 | Loading dataset | split=train | mode=sequence | Total samples: 2152
2026-05-20 07:29:02,806 | Loading dataset | split=val | mode=sequence | Total samples: 1341
2026-05-20 07:29:13,672 | Loading dataset | split=test | mode=sequence | Total samples: 1337
2026-05-20 07:29:17,340 |  Training Started
2026-05-20 07:29:17,340 |  Experiment Path: checkpoints\Baseline_7
2026-05-20 07:29:27,261 | Epoch 1/30 | Train loss 0.9360, acc 0.7086, f1 0.6602 | Val loss 0.9547, acc 0.6756, f1 0.6102 | LR 4.00e-04
2026-05-20 07:29:27,824 |  NEW BEST | Epoch 1 | Loss 0.9547 | Acc 0.6756 | F1 0.6102
2026-05-20 07:29:36,400 | Epoch 2/30 | Train loss 0.3994, acc 0.8931, f1 0.8236 | Val loss 0.7497, acc 0.7621, f1 0.6973 | LR 4.00e-04
2026-05-20 07:29:37,031 |  NEW BEST | Epoch 2 | Loss 0.7497 | Acc 0.7621 | F1 0.6973
2026-05-20 07:29:45,664 | Epoch 3/30 | Train loss 0.2855, acc 0.9154, f1 0.8621 | Val loss 0.7923, acc 0.7397, f1 0.6912 | LR 4.00e-04
2026-05-20 07:29:54,095 | Epoch 4/30 | Train loss 0.2085, acc 0.9382, f1 0.9030 | Val loss 1.3906, acc 0.5526, f1 0.5182 | LR 4.00e-04
2026-05-20 07:30:02,634 | Epoch 5/30 | Train loss 0.1361, acc 0.9684, f1 0.9479 | Val loss 0.9077, acc 0.7151, f1 0.6366 | LR 4.00e-04
2026-05-20 07:30:10,179 | Epoch 6/30 | Train loss 0.1180, acc 0.9703, f1 0.9565 | Val loss 1.2529, acc 0.6518, f1 0.5973 | LR 4.00e-04
2026-05-20 07:30:17,167 | Epoch 7/30 | Train loss 0.0906, acc 0.9800, f1 0.9775 | Val loss 0.7750, acc 0.7823, f1 0.7464 | LR 4.00e-04
2026-05-20 07:30:24,608 | Epoch 8/30 | Train loss 0.0534, acc 0.9930, f1 0.9903 | Val loss 0.7416, acc 0.7815, f1 0.7412 | LR 1.60e-04
2026-05-20 07:30:25,220 |  NEW BEST | Epoch 8 | Loss 0.7416 | Acc 0.7815 | F1 0.7412
2026-05-20 07:30:32,863 | Epoch 9/30 | Train loss 0.0326, acc 0.9977, f1 0.9975 | Val loss 0.7489, acc 0.7726, f1 0.7394 | LR 1.60e-04
2026-05-20 07:30:40,095 | Epoch 10/30 | Train loss 0.0273, acc 0.9991, f1 0.9993 | Val loss 0.7364, acc 0.7905, f1 0.7546 | LR 1.60e-04
2026-05-20 07:30:40,368 |  NEW BEST | Epoch 10 | Loss 0.7364 | Acc 0.7905 | F1 0.7546
2026-05-20 07:30:47,300 | Epoch 11/30 | Train loss 0.0292, acc 0.9963, f1 0.9969 | Val loss 0.7755, acc 0.7740, f1 0.7500 | LR 1.60e-04
2026-05-20 07:30:55,311 | Epoch 12/30 | Train loss 0.0211, acc 0.9986, f1 0.9986 | Val loss 0.7841, acc 0.7837, f1 0.7615 | LR 1.60e-04
2026-05-20 07:31:03,951 | Epoch 13/30 | Train loss 0.0177, acc 1.0000, f1 1.0000 | Val loss 0.7910, acc 0.7823, f1 0.7564 | LR 1.60e-04
2026-05-20 07:31:12,575 | Epoch 14/30 | Train loss 0.0145, acc 1.0000, f1 1.0000 | Val loss 0.8039, acc 0.7837, f1 0.7565 | LR 1.60e-04
2026-05-20 07:31:20,264 | Epoch 15/30 | Train loss 0.0135, acc 1.0000, f1 1.0000 | Val loss 0.7826, acc 0.7934, f1 0.7675 | LR 1.60e-04
2026-05-20 07:31:27,442 | Epoch 16/30 | Train loss 0.0114, acc 1.0000, f1 1.0000 | Val loss 0.7977, acc 0.7837, f1 0.7567 | LR 6.40e-05
2026-05-20 07:31:34,590 | Epoch 17/30 | Train loss 0.0096, acc 1.0000, f1 1.0000 | Val loss 0.8250, acc 0.7845, f1 0.7549 | LR 6.40e-05
2026-05-20 07:31:41,668 | Epoch 18/30 | Train loss 0.0106, acc 1.0000, f1 1.0000 | Val loss 0.7790, acc 0.7957, f1 0.7681 | LR 6.40e-05
2026-05-20 07:31:47,888 | Epoch 19/30 | Train loss 0.0108, acc 1.0000, f1 1.0000 | Val loss 0.7594, acc 0.8001, f1 0.7719 | LR 6.40e-05
2026-05-20 07:31:54,729 | Epoch 20/30 | Train loss 0.0103, acc 1.0000, f1 1.0000 | Val loss 0.8249, acc 0.7845, f1 0.7549 | LR 6.40e-05
2026-05-20 07:32:02,176 | Epoch 21/30 | Train loss 0.0095, acc 1.0000, f1 1.0000 | Val loss 0.7864, acc 0.7927, f1 0.7629 | LR 2.56e-05
2026-05-20 07:32:09,440 | Epoch 22/30 | Train loss 0.0092, acc 1.0000, f1 1.0000 | Val loss 0.8161, acc 0.7852, f1 0.7568 | LR 2.56e-05
2026-05-20 07:32:16,854 | Epoch 23/30 | Train loss 0.0089, acc 1.0000, f1 1.0000 | Val loss 0.8038, acc 0.7890, f1 0.7618 | LR 2.56e-05
2026-05-20 07:32:24,376 | Epoch 24/30 | Train loss 0.0093, acc 1.0000, f1 1.0000 | Val loss 0.7907, acc 0.7949, f1 0.7670 | LR 2.56e-05
2026-05-20 07:32:31,793 | Epoch 25/30 | Train loss 0.0088, acc 1.0000, f1 1.0000 | Val loss 0.8330, acc 0.7860, f1 0.7575 | LR 2.56e-05
2026-05-20 07:32:39,226 | Epoch 26/30 | Train loss 0.0085, acc 1.0000, f1 1.0000 | Val loss 0.8247, acc 0.7875, f1 0.7575 | LR 1.02e-05
2026-05-20 07:32:45,758 | Epoch 27/30 | Train loss 0.0093, acc 1.0000, f1 1.0000 | Val loss 0.8307, acc 0.7837, f1 0.7583 | LR 1.02e-05
2026-05-20 07:32:51,521 | Epoch 28/30 | Train loss 0.0108, acc 1.0000, f1 1.0000 | Val loss 0.8233, acc 0.7875, f1 0.7572 | LR 1.02e-05
2026-05-20 07:32:57,267 | Epoch 29/30 | Train loss 0.0085, acc 1.0000, f1 1.0000 | Val loss 0.8246, acc 0.7830, f1 0.7558 | LR 1.02e-05
2026-05-20 07:33:03,031 | Epoch 30/30 | Train loss 0.0162, acc 0.9995, f1 0.9996 | Val loss 0.8043, acc 0.7905, f1 0.7613 | LR 1.02e-05
2026-05-20 07:33:03,270 | ====================================
2026-05-20 07:33:03,270 |  Training Finished
2026-05-20 07:33:03,270 |  Best Epoch: 10 | Loss: 0.7364 | Acc: 0.7905 | F1: 0.7546
2026-05-20 07:33:03,270 | ====================================
2026-05-20 07:33:04,497 | ====================================
2026-05-20 07:33:04,497 |  TEST RESULTS
2026-05-20 07:33:04,497 | Loss: 0.5041 | Acc: 0.8482
2026-05-20 07:33:04,502 | ====================================
